<?xml version="1.0" encoding="UTF-8"?>
<robot generator="Robot 7.3.2 (Python 3.13.2 on win32)" generated="2025-11-29T19:12:53.216818" rpa="false" schemaversion="5">
<suite id="s1" name="E2E" source="C:\Development\Robot_Scripts\contactlist_App_Test_Framework\test\E2E\e2e.robot">
<test id="s1-t1" name="Test that user canot login with invalid credential" line="10">
<kw name="Launch Application" type="SETUP">
<msg time="2025-11-29T19:12:53.264762" level="FAIL">No keyword with name 'Launch Application' found.</msg>
<status status="FAIL" start="2025-11-29T19:12:53.264506" elapsed="0.000324">No keyword with name 'Launch Application' found.</status>
</kw>
<kw name="Exist Application" type="TEARDOWN">
<msg time="2025-11-29T19:12:53.266127" level="FAIL">No keyword with name 'Exist Application' found.</msg>
<status status="FAIL" start="2025-11-29T19:12:53.266020" elapsed="0.000199">No keyword with name 'Exist Application' found.</status>
</kw>
<doc>Validate that invalid user can not login</doc>
<tag>001</tag>
<status status="FAIL" start="2025-11-29T19:12:53.261429" elapsed="0.005258">Setup failed:
No keyword with name 'Launch Application' found.

Also teardown failed:
No keyword with name 'Exist Application' found.</status>
</test>
<doc>Contact List</doc>
<status status="FAIL" start="2025-11-29T19:12:53.218453" elapsed="0.049557"/>
</suite>
<statistics>
<total>
<stat pass="0" fail="1" skip="0">All Tests</stat>
</total>
<tag>
<stat pass="0" fail="1" skip="0">001</stat>
</tag>
<suite>
<stat name="E2E" id="s1" pass="0" fail="1" skip="0">E2E</stat>
</suite>
</statistics>
<errors>
<msg time="2025-11-29T19:12:53.259760" level="ERROR">Error in file 'C:\Development\Robot_Scripts\contactlist_App_Test_Framework\test\E2E\e2e.robot' on line 3: Resource file 'C:\Test_framework_development\Robootframeworkscript\contactlist_App_Test_Framework\Resources\PageObjects\KeywordDefinitionFiles\commonKeywords.robot' does not exist.</msg>
<msg time="2025-11-29T19:12:53.260176" level="ERROR">Error in file 'C:\Development\Robot_Scripts\contactlist_App_Test_Framework\test\E2E\e2e.robot' on line 4: Resource file 'C:\Test_framework_development\Robootframeworkscript\contactlist_App_Test_Framework\Resources\PageObjects\KeywordDefinitionFiles\invalidlog.robot' does not exist.</msg>
</errors>
</robot>
